fatal: GET con / - 30/4/2023
http: GET at / - 30/4/2023
fatal: GET con /css/styles.css - 30/4/2023
fatal: GET con /favicon.ico - 30/4/2023
http: GET at /favicon.ico - 30/4/2023
fatal: GET con /login - 30/4/2023
http: GET at /login - 30/4/2023
fatal: GET con /css/styles.css - 30/4/2023
fatal: GET con /js/login.js - 30/4/2023
fatal: GET con /favicon.ico - 30/4/2023
http: GET at /favicon.ico - 30/4/2023
fatal: POST con /api/session/login - 30/4/2023
fatal: GET con /recover - 30/4/2023
http: GET at /recover - 30/4/2023
fatal: GET con /js/recover.js - 30/4/2023
fatal: GET con /css/styles.css - 30/4/2023
fatal: GET con /favicon.ico - 30/4/2023
http: GET at /favicon.ico - 30/4/2023
fatal: POST con /api/session/recover - 30/4/2023
http: POST at /recover - 30/4/2023
fatal: GET con /recoverPassword - 30/4/2023
http: GET at /recoverPassword - 30/4/2023
fatal: GET con /css/styles.css - 30/4/2023
fatal: GET con /favicon.ico - 30/4/2023
http: GET at /favicon.ico - 30/4/2023
fatal: GET con / - 30/4/2023
http: GET at / - 30/4/2023
fatal: GET con /css/styles.css - 30/4/2023
fatal: GET con /favicon.ico - 30/4/2023
http: GET at /favicon.ico - 30/4/2023
fatal: GET con /product/63f0d86554f88c60bca3a733 - 30/4/2023
http: GET at /product/63f0d86554f88c60bca3a733 - 30/4/2023
fatal: undefined
fatal: GET con /favicon.ico - 30/4/2023
http: GET at /favicon.ico - 30/4/2023
fatal: GET con /favicon.ico - 30/4/2023
http: GET at /favicon.ico - 30/4/2023
fatal: GET con /product/63f0d84554f88c60bca3a72f - 30/4/2023
http: GET at /product/63f0d84554f88c60bca3a72f - 30/4/2023
fatal: undefined
fatal: GET con /favicon.ico - 30/4/2023
http: GET at /favicon.ico - 30/4/2023
fatal: GET con /favicon.ico - 30/4/2023
http: GET at /favicon.ico - 30/4/2023
fatal: GET con / - 30/4/2023
http: GET at / - 30/4/2023
fatal: GET con /css/styles.css - 30/4/2023
fatal: GET con /favicon.ico - 30/4/2023
http: GET at /favicon.ico - 30/4/2023
fatal: GET con /login - 30/4/2023
http: GET at /login - 30/4/2023
fatal: GET con /css/styles.css - 30/4/2023
fatal: GET con /js/login.js - 30/4/2023
fatal: GET con /favicon.ico - 30/4/2023
http: GET at /favicon.ico - 30/4/2023
fatal: POST con /api/session/login - 30/4/2023
fatal: GET con /register - 30/4/2023
http: GET at /register - 30/4/2023
fatal: GET con /css/styles.css - 30/4/2023
fatal: GET con /js/register.js - 30/4/2023
fatal: GET con /favicon.ico - 30/4/2023
http: GET at /favicon.ico - 30/4/2023
fatal: POST con /api/session/register - 30/4/2023
fatal: POST con /api/session/register - 30/4/2023
fatal: GET con /login - 30/4/2023
http: GET at /login - 30/4/2023
fatal: GET con /css/styles.css - 30/4/2023
fatal: GET con /js/login.js - 30/4/2023
fatal: GET con /favicon.ico - 30/4/2023
http: GET at /favicon.ico - 30/4/2023
fatal: GET con /recover - 30/4/2023
http: GET at /recover - 30/4/2023
fatal: GET con /css/styles.css - 30/4/2023
fatal: GET con /js/recover.js - 30/4/2023
fatal: GET con /favicon.ico - 30/4/2023
http: GET at /favicon.ico - 30/4/2023
fatal: POST con /api/session/recover - 30/4/2023
http: POST at /recover - 30/4/2023
fatal: GET con /recoverLanding/eyJhbGciOiJIUzI1NiIsInR5cCI6IkpXVCJ9.eyJlbWFpbCI6ImpvYXF1aW5hcXVpbm85OTlAZ21haWwuY29tIiwiaWF0IjoxNjgyODI2MTA0LCJleHAiOjE2ODI4Mjk3MDR9.81TocKyRnOnVHj9C9cA4TED1XwSM8BuHh_i9F4y8fLk - 30/4/2023
http: GET at /recoverLanding/eyJhbGciOiJIUzI1NiIsInR5cCI6IkpXVCJ9.eyJlbWFpbCI6ImpvYXF1aW5hcXVpbm85OTlAZ21haWwuY29tIiwiaWF0IjoxNjgyODI2MTA0LCJleHAiOjE2ODI4Mjk3MDR9.81TocKyRnOnVHj9C9cA4TED1XwSM8BuHh_i9F4y8fLk - 30/4/2023
debug: eyJhbGciOiJIUzI1NiIsInR5cCI6IkpXVCJ9.eyJlbWFpbCI6ImpvYXF1aW5hcXVpbm85OTlAZ21haWwuY29tIiwiaWF0IjoxNjgyODI2MTA0LCJleHAiOjE2ODI4Mjk3MDR9.81TocKyRnOnVHj9C9cA4TED1XwSM8BuHh_i9F4y8fLk
eyJhbGciOiJIUzI1NiIsInR5cCI6IkpXVCJ9.eyJlbWFpbCI6ImpvYXF1aW5hcXVpbm85OTlAZ21haWwuY29tIiwiaWF0IjoxNjgyODI2MTA0LCJleHAiOjE2ODI4Mjk3MDR9.81TocKyRnOnVHj9C9cA4TED1XwSM8BuHh_i9F4y8fLk
fatal: GET con /js/recoverLanding.js - 30/4/2023
fatal: GET con /css/styles.css - 30/4/2023
fatal: GET con /favicon.ico - 30/4/2023
http: GET at /favicon.ico - 30/4/2023
fatal: POST con /api/session/recoverPassword - 30/4/2023
http: POST at /recoverPassword - 30/4/2023
fatal: GET con /favicon.ico - 30/4/2023
http: GET at /favicon.ico - 30/4/2023
fatal: GET con /favicon.ico - 30/4/2023
http: GET at /favicon.ico - 30/4/2023
fatal: GET con /favicon.ico - 30/4/2023
http: GET at /favicon.ico - 30/4/2023
fatal: GET con /favicon.ico - 30/4/2023
http: GET at /favicon.ico - 30/4/2023
fatal: GET con /login - 30/4/2023
http: GET at /login - 30/4/2023
fatal: GET con /css/styles.css - 30/4/2023
fatal: GET con /js/login.js - 30/4/2023
fatal: GET con /favicon.ico - 30/4/2023
http: GET at /favicon.ico - 30/4/2023
fatal: POST con /api/session/login - 30/4/2023
http: POST at /login - 30/4/2023
fatal: GET con / - 30/4/2023
http: GET at / - 30/4/2023
fatal: GET con /css/styles.css - 30/4/2023
fatal: GET con /favicon.ico - 30/4/2023
http: GET at /favicon.ico - 30/4/2023